Using pre-set license
Built from '2020.3/staging' branch; Version is '2020.3.0f1 (c7b5465681fb) revision 13088070'; Using compiler version '192528614'; Build Type 'Release'
OS: 'Windows 10 Pro; OS build 19042.1288; Version 2009; 64bit' Language: 'de' Physical Memory: 16317 MB
BatchMode: 1, IsHumanControllingUs: 0, StartBugReporterOnCrash: 0, Is64bit: 1, IsPro: 0

 COMMAND LINE ARGUMENTS:
C:\Program Files (x86)\2020.3.0f1\Editor\Unity.exe
-adb2
-batchMode
-noUpm
-name
AssetImportWorker0
-projectPath
F:/GitHub Repos/C# Unity/Interaktionsdesign/Unity Prototyp
-logFile
Logs/AssetImportWorker0.log
-srvPort
50164
Successfully changed project path to: F:/GitHub Repos/C# Unity/Interaktionsdesign/Unity Prototyp
F:/GitHub Repos/C# Unity/Interaktionsdesign/Unity Prototyp
Using Asset Import Pipeline V2.
Refreshing native plugins compatible for Editor in 80.51 ms, found 4 plugins.
Preloading 0 native plugins for Editor in 0.00 ms.
Initialize engine version: 2020.3.0f1 (c7b5465681fb)
[Subsystems] Discovering subsystems at path C:/Program Files (x86)/2020.3.0f1/Editor/Data/Resources/UnitySubsystems
[Subsystems] Discovering subsystems at path F:/GitHub Repos/C# Unity/Interaktionsdesign/Unity Prototyp/Assets
GfxDevice: creating device client; threaded=0
Direct3D:
    Version:  Direct3D 11.0 [level 11.1]
    Renderer: AMD Radeon RX 5700 XT (ID=0x731f)
    Vendor:   
    VRAM:     8151 MB
    Driver:   27.20.22025.1006
Initialize mono
Mono path[0] = 'C:/Program Files (x86)/2020.3.0f1/Editor/Data/Managed'
Mono path[1] = 'C:/Program Files (x86)/2020.3.0f1/Editor/Data/MonoBleedingEdge/lib/mono/unityjit'
Mono config path = 'C:/Program Files (x86)/2020.3.0f1/Editor/Data/MonoBleedingEdge/etc'
Using monoOptions --debugger-agent=transport=dt_socket,embedding=1,server=y,suspend=n,address=127.0.0.1:56328
Begin MonoManager ReloadAssembly
Registering precompiled unity dll's ...
Register platform support module: C:/Program Files (x86)/2020.3.0f1/Editor/Data/PlaybackEngines/WindowsStandaloneSupport/UnityEditor.WindowsStandalone.Extensions.dll
Registered in 0.003613 seconds.
Native extension for WindowsStandalone target not found
Refreshing native plugins compatible for Editor in 67.29 ms, found 4 plugins.
Preloading 0 native plugins for Editor in 0.00 ms.
Invoked RoslynAnalysisRunner static constructor.
RoslynAnalysisRunner will not be running.
RoslynAnalysisRunner has terminated.
Mono: successfully reloaded assembly
- Completed reload, in  1.825 seconds
Platform modules already initialized, skipping
Registering precompiled user dll's ...
Registered in 0.004646 seconds.
Begin MonoManager ReloadAssembly
Native extension for WindowsStandalone target not found
Refreshing native plugins compatible for Editor in 93.69 ms, found 4 plugins.
Preloading 0 native plugins for Editor in 0.00 ms.
Invoked RoslynAnalysisRunner static constructor.
RoslynAnalysisRunner will not be running.
RoslynAnalysisRunner has terminated.
Mono: successfully reloaded assembly
- Completed reload, in  1.513 seconds
Platform modules already initialized, skipping
========================================================================
Worker process is ready to serve import requests
Shader 'Universal Render Pipeline/Particles/Lit': fallback shader 'Universal Render Pipeline/Particles/SimpleLit' not found
Shader 'Universal Render Pipeline/Particles/Lit': fallback shader 'Universal Render Pipeline/Particles/SimpleLit' not found
Launched and connected shader compiler UnityShaderCompiler.exe after 0.07 seconds
Refreshing native plugins compatible for Editor in 0.79 ms, found 4 plugins.
Preloading 0 native plugins for Editor in 0.00 ms.
Unloading 2765 Unused Serialized files (Serialized files now loaded: 0)
System memory in use before: 128.9 MB.
System memory in use after: 126.7 MB.

Unloading 51 unused Assets to reduce memory usage. Loaded Objects now: 3173.
Total: 4.389600 ms (FindLiveObjects: 0.464600 ms CreateObjectMapping: 0.094400 ms MarkObjects: 2.306800 ms  DeleteObjects: 1.521800 ms)

========================================================================
Received Import Request.
  path: Assets/3D Assets/RegalAssets/Neuer Ordner/New Prefab.prefab
  artifactKey: Guid(d44c74bffab3ba64ca63948356dfce73) Importer(815301076,1909f56bfc062723c751e8b465ee728b)
Start importing Assets/3D Assets/RegalAssets/Neuer Ordner/New Prefab.prefab using Guid(d44c74bffab3ba64ca63948356dfce73) Importer(815301076,1909f56bfc062723c751e8b465ee728b)  -> (artifact id: 'a23d9895545a7b5e5177b0c90bf435a4') in 0.362270 seconds
  Import took 0.368422 seconds .

========================================================================
Received Import Request.
  Time since last request: 0.000309 seconds.
  path: Assets/3D Assets/RegalAssets/Neuer Ordner/Tür.blend
  artifactKey: Guid(0e1cfd89053a88542962d58df1aeed00) Importer(815301076,1909f56bfc062723c751e8b465ee728b)
Start importing Assets/3D Assets/RegalAssets/Neuer Ordner/Tür.blend using Guid(0e1cfd89053a88542962d58df1aeed00) Importer(815301076,1909f56bfc062723c751e8b465ee728b)  -> (artifact id: '02e70e59671a71eecd83204276dcf054') in 0.101041 seconds
  Import took 0.106611 seconds .

========================================================================
Received Import Request.
  Time since last request: 0.000382 seconds.
  path: Assets/3D Assets/RegalAssets/Neuer Ordner/untitled.blend
  artifactKey: Guid(1cbfc216576d8b940b39371f22ea56d3) Importer(815301076,1909f56bfc062723c751e8b465ee728b)
Start importing Assets/3D Assets/RegalAssets/Neuer Ordner/untitled.blend using Guid(1cbfc216576d8b940b39371f22ea56d3) Importer(815301076,1909f56bfc062723c751e8b465ee728b)  -> (artifact id: 'ff4164b55ebde3e6cfdc90a66495b4c8') in 0.050253 seconds
  Import took 0.056744 seconds .

========================================================================
Received Import Request.
  Time since last request: 0.000281 seconds.
  path: Assets/3D Assets/RegalAssets/Neuer Ordner/Box.blend
  artifactKey: Guid(a60c53440c55f6b49bef05ae45f9161e) Importer(815301076,1909f56bfc062723c751e8b465ee728b)
Start importing Assets/3D Assets/RegalAssets/Neuer Ordner/Box.blend using Guid(a60c53440c55f6b49bef05ae45f9161e) Importer(815301076,1909f56bfc062723c751e8b465ee728b)  -> (artifact id: '4b9649a8a3a1dc4b859196674a8472c1') in 0.041424 seconds
  Import took 0.047375 seconds .

========================================================================
Received Import Request.
  Time since last request: 0.000309 seconds.
  path: Assets/3D Assets/RegalAssets/Neuer Ordner
  artifactKey: Guid(c0fde0e69b21da244ac61511a8c80c1e) Importer(815301076,1909f56bfc062723c751e8b465ee728b)
Start importing Assets/3D Assets/RegalAssets/Neuer Ordner using Guid(c0fde0e69b21da244ac61511a8c80c1e) Importer(815301076,1909f56bfc062723c751e8b465ee728b)  -> (artifact id: 'ac7fdb1a7c15f64a5c07f7529a98646c') in 0.015772 seconds
  Import took 0.022685 seconds .

========================================================================
Received Import Request.
  Time since last request: 0.000457 seconds.
  path: Assets/3D Assets/RegalAssets/Neuer Ordner/Floor.prefab
  artifactKey: Guid(8be72d479fe88f1458a6cc032eac75a4) Importer(815301076,1909f56bfc062723c751e8b465ee728b)
Start importing Assets/3D Assets/RegalAssets/Neuer Ordner/Floor.prefab using Guid(8be72d479fe88f1458a6cc032eac75a4) Importer(815301076,1909f56bfc062723c751e8b465ee728b)  -> (artifact id: 'fd7a94addd8a80e8a583450244b64edd') in 0.022030 seconds
  Import took 0.027978 seconds .

========================================================================
Received Import Request.
  Time since last request: 0.000272 seconds.
  path: Assets/3D Assets/RegalAssets/dxf data
  artifactKey: Guid(986db479e19457f4db0b08d9a69b8255) Importer(815301076,1909f56bfc062723c751e8b465ee728b)
Start importing Assets/3D Assets/RegalAssets/dxf data using Guid(986db479e19457f4db0b08d9a69b8255) Importer(815301076,1909f56bfc062723c751e8b465ee728b)  -> (artifact id: '31b0851cc1a5144da5b98392f09a7259') in 0.010581 seconds
  Import took 0.016471 seconds .

========================================================================
Received Import Request.
  Time since last request: 0.000537 seconds.
  path: Assets/3D Assets/RegalAssets/Neuer Ordner/EUPallete.prefab
  artifactKey: Guid(11f47528840a2334b81da2e7e81f3e01) Importer(815301076,1909f56bfc062723c751e8b465ee728b)
Start importing Assets/3D Assets/RegalAssets/Neuer Ordner/EUPallete.prefab using Guid(11f47528840a2334b81da2e7e81f3e01) Importer(815301076,1909f56bfc062723c751e8b465ee728b)  -> (artifact id: '801021d5972ae32cd970253c6754695f') in 0.042405 seconds
  Import took 0.049833 seconds .

========================================================================
Received Import Request.
  Time since last request: 0.000327 seconds.
  path: Assets/3D Assets/RegalAssets/Neuer Ordner/HU.prefab
  artifactKey: Guid(de672ef3f1aa328458e00a3e921394fd) Importer(815301076,1909f56bfc062723c751e8b465ee728b)
Start importing Assets/3D Assets/RegalAssets/Neuer Ordner/HU.prefab using Guid(de672ef3f1aa328458e00a3e921394fd) Importer(815301076,1909f56bfc062723c751e8b465ee728b)  -> (artifact id: '1b32b594bdf21d959de881ee9639349f') in 0.027813 seconds
  Import took 0.034315 seconds .

========================================================================
Received Import Request.
  Time since last request: 0.000320 seconds.
  path: Assets/3D Assets/RegalAssets/Neuer Ordner/MousePointer.prefab
  artifactKey: Guid(0b5e9fc6f7ea1464681d7e9e75255f3f) Importer(815301076,1909f56bfc062723c751e8b465ee728b)
Start importing Assets/3D Assets/RegalAssets/Neuer Ordner/MousePointer.prefab using Guid(0b5e9fc6f7ea1464681d7e9e75255f3f) Importer(815301076,1909f56bfc062723c751e8b465ee728b)  -> (artifact id: 'c3dffb7c3cb6de8664570ffcbf9daa82') in 0.031379 seconds
  Import took 0.036840 seconds .

========================================================================
Received Import Request.
  Time since last request: 0.000350 seconds.
  path: Assets/3D Assets/RegalAssets/Neuer Ordner/wallblender.blend
  artifactKey: Guid(bf624802ee2e889458f9548e9734298a) Importer(815301076,1909f56bfc062723c751e8b465ee728b)
Start importing Assets/3D Assets/RegalAssets/Neuer Ordner/wallblender.blend using Guid(bf624802ee2e889458f9548e9734298a) Importer(815301076,1909f56bfc062723c751e8b465ee728b)  -> (artifact id: 'ac81b4d7765b984d0b31ee7f6953f3d9') in 0.052316 seconds
  Import took 0.058470 seconds .

========================================================================
Received Import Request.
  Time since last request: 0.000236 seconds.
  path: Assets/3D Assets/RegalAssets/Neuer Ordner/wall.blend
  artifactKey: Guid(c164a1df49f43ab44b52b9af284a09b4) Importer(815301076,1909f56bfc062723c751e8b465ee728b)
Start importing Assets/3D Assets/RegalAssets/Neuer Ordner/wall.blend using Guid(c164a1df49f43ab44b52b9af284a09b4) Importer(815301076,1909f56bfc062723c751e8b465ee728b)  -> (artifact id: 'a849f013ace259f18d42931772f054dc') in 0.048536 seconds
  Import took 0.053600 seconds .

========================================================================
Received Import Request.
  Time since last request: 0.000336 seconds.
  path: Assets/3D Assets/RegalAssets/Neuer Ordner/Lock-Off.dxf
  artifactKey: Guid(21e7f53e0a430af46a89eca20aff19f9) Importer(815301076,1909f56bfc062723c751e8b465ee728b)
Start importing Assets/3D Assets/RegalAssets/Neuer Ordner/Lock-Off.dxf using Guid(21e7f53e0a430af46a89eca20aff19f9) Importer(815301076,1909f56bfc062723c751e8b465ee728b)  -> (artifact id: '08f7379cea9d5023a9b52cfa1b2771da') in 0.023585 seconds
  Import took 0.030306 seconds .

========================================================================
Received Import Request.
  Time since last request: 0.000536 seconds.
  path: Assets/3D Assets/RegalAssets/Neuer Ordner/TraverseSingle2.blend
  artifactKey: Guid(f05c0b019518663478d0af4edfe9f595) Importer(815301076,1909f56bfc062723c751e8b465ee728b)
Start importing Assets/3D Assets/RegalAssets/Neuer Ordner/TraverseSingle2.blend using Guid(f05c0b019518663478d0af4edfe9f595) Importer(815301076,1909f56bfc062723c751e8b465ee728b)  -> (artifact id: '8d65e36402e46426a1c1024c821d51a7') in 0.041240 seconds
  Import took 0.047723 seconds .

========================================================================
Received Import Request.
  Time since last request: 0.000302 seconds.
  path: Assets/3D Assets/RegalAssets/Neuer Ordner/Wall1.prefab
  artifactKey: Guid(25e66473a7013f840835bed67f50dff9) Importer(815301076,1909f56bfc062723c751e8b465ee728b)
Start importing Assets/3D Assets/RegalAssets/Neuer Ordner/Wall1.prefab using Guid(25e66473a7013f840835bed67f50dff9) Importer(815301076,1909f56bfc062723c751e8b465ee728b)  -> (artifact id: 'e4f00bd8731f76526d11305a16335a75') in 0.018813 seconds
  Import took 0.025119 seconds .

========================================================================
Received Import Request.
  Time since last request: 0.000352 seconds.
  path: Assets/3D Assets/RegalAssets/Neuer Ordner/Floor plan.dxf
  artifactKey: Guid(dc05ad65d91892f4598727be7d3f8e97) Importer(815301076,1909f56bfc062723c751e8b465ee728b)
Start importing Assets/3D Assets/RegalAssets/Neuer Ordner/Floor plan.dxf using Guid(dc05ad65d91892f4598727be7d3f8e97) Importer(815301076,1909f56bfc062723c751e8b465ee728b)  -> (artifact id: 'af826aca512ffd23dc6838a644e83538') in 0.023940 seconds
  Import took 0.029644 seconds .

========================================================================
Received Import Request.
  Time since last request: 0.000325 seconds.
  path: Assets/3D Assets/RegalAssets/Neuer Ordner/Regal Complete.prefab
  artifactKey: Guid(c5a4f6d472ed81943b741777ecbd8eb9) Importer(815301076,1909f56bfc062723c751e8b465ee728b)
Start importing Assets/3D Assets/RegalAssets/Neuer Ordner/Regal Complete.prefab using Guid(c5a4f6d472ed81943b741777ecbd8eb9) Importer(815301076,1909f56bfc062723c751e8b465ee728b)  -> (artifact id: '1d8b6f619429399733c4634ee6d9c614') in 0.019925 seconds
  Import took 0.026508 seconds .

========================================================================
Received Import Request.
  Time since last request: 0.000284 seconds.
  path: Assets/3D Assets/RegalAssets/Neuer Ordner/arrow.blend
  artifactKey: Guid(3fd131229704a3349933c7bd00e08dbe) Importer(815301076,1909f56bfc062723c751e8b465ee728b)
Start importing Assets/3D Assets/RegalAssets/Neuer Ordner/arrow.blend using Guid(3fd131229704a3349933c7bd00e08dbe) Importer(815301076,1909f56bfc062723c751e8b465ee728b)  -> (artifact id: '6ecbc313621f1682a3548711f94ff984') in 0.043626 seconds
  Import took 0.050109 seconds .

========================================================================
Received Import Request.
  Time since last request: 0.000281 seconds.
  path: Assets/3D Assets/RegalAssets/Neuer Ordner/Cube (4).prefab
  artifactKey: Guid(8a7b1dee21a4f1040868cf3570b3bfa8) Importer(815301076,1909f56bfc062723c751e8b465ee728b)
Start importing Assets/3D Assets/RegalAssets/Neuer Ordner/Cube (4).prefab using Guid(8a7b1dee21a4f1040868cf3570b3bfa8) Importer(815301076,1909f56bfc062723c751e8b465ee728b)  -> (artifact id: 'c5e411450b6070d97daea78d2e1809db') in 0.017312 seconds
  Import took 0.024428 seconds .

========================================================================
Received Import Request.
  Time since last request: 0.000534 seconds.
  path: Assets/3D Assets/RegalAssets/Neuer Ordner/CornflakesKarton1.blend
  artifactKey: Guid(b192aa2e4d6ae904388e084b5f29007e) Importer(815301076,1909f56bfc062723c751e8b465ee728b)
Start importing Assets/3D Assets/RegalAssets/Neuer Ordner/CornflakesKarton1.blend using Guid(b192aa2e4d6ae904388e084b5f29007e) Importer(815301076,1909f56bfc062723c751e8b465ee728b)  -> (artifact id: 'f3f7718f79c1f1fad0aa77e212c574e8') in 0.115087 seconds
  Import took 0.122764 seconds .

========================================================================
Received Import Request.
  Time since last request: 0.000323 seconds.
  path: Assets/3D Assets/RegalAssets/Neuer Ordner/rot.mat
  artifactKey: Guid(3e713a730a16bdb4cabb414f48b9298d) Importer(815301076,1909f56bfc062723c751e8b465ee728b)
Start importing Assets/3D Assets/RegalAssets/Neuer Ordner/rot.mat using Guid(3e713a730a16bdb4cabb414f48b9298d) Importer(815301076,1909f56bfc062723c751e8b465ee728b)  -> (artifact id: '207d7f3d2e79015a3c2880f55581a74a') in 0.046869 seconds
  Import took 0.052877 seconds .

========================================================================
Received Import Request.
  Time since last request: 0.000419 seconds.
  path: Assets/3D Assets/RegalAssets/Neuer Ordner/RegalComplete.prefab
  artifactKey: Guid(df82112174c152543818a87a4eec7f05) Importer(815301076,1909f56bfc062723c751e8b465ee728b)
Start importing Assets/3D Assets/RegalAssets/Neuer Ordner/RegalComplete.prefab using Guid(df82112174c152543818a87a4eec7f05) Importer(815301076,1909f56bfc062723c751e8b465ee728b)  -> (artifact id: '3e9c68622072a5bbe2141888bb2f7d07') in 0.018467 seconds
  Import took 0.024444 seconds .

========================================================================
Received Import Request.
  Time since last request: 0.000368 seconds.
  path: Assets/3D Assets/RegalAssets/Neuer Ordner/BetonWand.blend
  artifactKey: Guid(c979b39043ef66640b6acd4d0f0c23b4) Importer(815301076,1909f56bfc062723c751e8b465ee728b)
Start importing Assets/3D Assets/RegalAssets/Neuer Ordner/BetonWand.blend using Guid(c979b39043ef66640b6acd4d0f0c23b4) Importer(815301076,1909f56bfc062723c751e8b465ee728b)  -> (artifact id: '9bbd07a31eef12923fcfb6b28b6fcbfd') in 0.040892 seconds
  Import took 0.048067 seconds .

========================================================================
Received Import Request.
  Time since last request: 0.000407 seconds.
  path: Assets/3D Assets/RegalAssets/Neuer Ordner/camera FOV COLLIDER.blend
  artifactKey: Guid(6099bca4ecd3b3b4ea1f550b80a82add) Importer(815301076,1909f56bfc062723c751e8b465ee728b)
Start importing Assets/3D Assets/RegalAssets/Neuer Ordner/camera FOV COLLIDER.blend using Guid(6099bca4ecd3b3b4ea1f550b80a82add) Importer(815301076,1909f56bfc062723c751e8b465ee728b)  -> (artifact id: '57cc1069e13a111f45ea396b46faf25b') in 0.048552 seconds
  Import took 0.055565 seconds .

========================================================================
Received Import Request.
  Time since last request: 0.000295 seconds.
  path: Assets/3D Assets/RegalAssets/Neuer Ordner/Deckensaule.blend
  artifactKey: Guid(15712ff00b4414645864022e9453ece7) Importer(815301076,1909f56bfc062723c751e8b465ee728b)
Start importing Assets/3D Assets/RegalAssets/Neuer Ordner/Deckensaule.blend using Guid(15712ff00b4414645864022e9453ece7) Importer(815301076,1909f56bfc062723c751e8b465ee728b)  -> (artifact id: '1f6e953d1dcbf4b81ff01c3c945b5446') in 0.047139 seconds
  Import took 0.053041 seconds .

========================================================================
Received Import Request.
  Time since last request: 0.000407 seconds.
  path: Assets/3D Assets/RegalAssets/Neuer Ordner/CornflakesKarton.blend
  artifactKey: Guid(865a5c7a7769e0e46a7d7e872c47c33f) Importer(815301076,1909f56bfc062723c751e8b465ee728b)
Start importing Assets/3D Assets/RegalAssets/Neuer Ordner/CornflakesKarton.blend using Guid(865a5c7a7769e0e46a7d7e872c47c33f) Importer(815301076,1909f56bfc062723c751e8b465ee728b)  -> (artifact id: '04ccda10c71dad95a3e5b798c6e96cec') in 0.193629 seconds
  Import took 0.201647 seconds .

========================================================================
Received Import Request.
  Time since last request: 0.000366 seconds.
  path: Assets/3D Assets/RegalAssets/Neuer Ordner/Pole.prefab
  artifactKey: Guid(cfd91ff0b946cca40b179799b08e29cf) Importer(815301076,1909f56bfc062723c751e8b465ee728b)
Start importing Assets/3D Assets/RegalAssets/Neuer Ordner/Pole.prefab using Guid(cfd91ff0b946cca40b179799b08e29cf) Importer(815301076,1909f56bfc062723c751e8b465ee728b)  -> (artifact id: 'c870dd53870f6b605bf489b1c32228f7') in 0.016862 seconds
  Import took 0.023438 seconds .

========================================================================
Received Import Request.
  Time since last request: 383.813775 seconds.
  path: Assets/3D Assets/RegalAssets/Materials
  artifactKey: Guid(ff01b300776151341aab52540d32ed68) Importer(815301076,1909f56bfc062723c751e8b465ee728b)
Start importing Assets/3D Assets/RegalAssets/Materials using Guid(ff01b300776151341aab52540d32ed68) Importer(815301076,1909f56bfc062723c751e8b465ee728b)  -> (artifact id: '10249273799c9014732dc315790656fe') in 0.009888 seconds
  Import took 0.016186 seconds .

========================================================================
Received Import Request.
  Time since last request: 148.492811 seconds.
  path: Assets/SteamVR
  artifactKey: Guid(dd065072031ad3b4bbd564e2498ddb7a) Importer(815301076,1909f56bfc062723c751e8b465ee728b)
Start importing Assets/SteamVR using Guid(dd065072031ad3b4bbd564e2498ddb7a) Importer(815301076,1909f56bfc062723c751e8b465ee728b)  -> (artifact id: 'aaa5fce7a5f536b1cc00cecd5f78749d') in 0.008489 seconds
  Import took 0.013266 seconds .

========================================================================
Received Import Request.
  Time since last request: 0.428291 seconds.
  path: Assets/SteamVR_Resources
  artifactKey: Guid(cc1b571676e200c42b477d628d8ac63a) Importer(815301076,1909f56bfc062723c751e8b465ee728b)
Start importing Assets/SteamVR_Resources using Guid(cc1b571676e200c42b477d628d8ac63a) Importer(815301076,1909f56bfc062723c751e8b465ee728b)  -> (artifact id: '660c1b3e421b7fbbd81084cadf706588') in 0.013253 seconds
  Import took 0.020144 seconds .

========================================================================
Received Import Request.
  Time since last request: 0.486881 seconds.
  path: Assets/StreamingAssets
  artifactKey: Guid(1a4e068b0fb0d7e4590c87a973bffa64) Importer(815301076,1909f56bfc062723c751e8b465ee728b)
Start importing Assets/StreamingAssets using Guid(1a4e068b0fb0d7e4590c87a973bffa64) Importer(815301076,1909f56bfc062723c751e8b465ee728b)  -> (artifact id: 'e544d916b9305be6b166dd4c6c02b560') in 0.015758 seconds
  Import took 0.022363 seconds .

AssetImportWorkerClient::OnTransportError - code=2 error=End of file
